<?xml version="1.0" encoding="UTF-8"?>
<!-- Generated by org.testng.reporters.JUnitReportReporter -->
<testsuite hostname="PKLM1-FAHIMKHAN" failures="0" tests="2" name="com.saucedemo.tests.Testcases" time="5.007" errors="0" timestamp="2023-08-04T16:33:31 PKT" skipped="0">
  <testcase classname="com.saucedemo.tests.Testcases" name="verifylogin" time="1.830"/>
  <testcase classname="com.saucedemo.tests.Testcases" name="addcart" time="3.177"/>
</testsuite> <!-- com.saucedemo.tests.Testcases -->
