<?xml version="1.0" encoding="UTF-8"?>
<!-- Generated by org.testng.reporters.JUnitReportReporter -->
<testsuite hostname="PKLM1-FAHIMKHAN" failures="0" tests="2" name="com.saucedemo.tests.logintest" time="6.694" errors="0" timestamp="2023-08-04T15:26:04 PKT" skipped="0">
  <testcase classname="com.saucedemo.tests.logintest" name="verifylogin" time="2.576"/>
  <testcase classname="com.saucedemo.tests.logintest" name="addcart" time="4.118"/>
</testsuite> <!-- com.saucedemo.tests.logintest -->
